<?xml version="1.0" encoding="UTF-8"?>
<testng-results skipped="0" failed="0" ignored="0" total="1" passed="1">
  <reporter-output>
  </reporter-output>
  <suite name="Default suite" duration-ms="82277" started-at="2023-02-17T18:11:43 IST" finished-at="2023-02-17T18:13:06 IST">
    <groups>
    </groups>
    <test name="Default test" duration-ms="82277" started-at="2023-02-17T18:11:43 IST" finished-at="2023-02-17T18:13:06 IST">
      <class name="Demo.Movies">
        <test-method status="PASS" signature="setUp()[pri:0, instance:Demo.Movies@694e1548]" name="setUp" is-config="true" duration-ms="34125" started-at="2023-02-17T18:11:44 IST" finished-at="2023-02-17T18:12:18 IST">
          <reporter-output>
          </reporter-output>
        </test-method> <!-- setUp -->
        <test-method status="PASS" signature="extractMovieDetails()[pri:0, instance:Demo.Movies@694e1548]" name="extractMovieDetails" duration-ms="47946" started-at="2023-02-17T18:12:18 IST" finished-at="2023-02-17T18:13:06 IST">
          <reporter-output>
          </reporter-output>
        </test-method> <!-- extractMovieDetails -->
      </class> <!-- Demo.Movies -->
    </test> <!-- Default test -->
  </suite> <!-- Default suite -->
</testng-results>
